# JRE version: Java(TM) SE Runtime Environment (21.0.5+9) (build 21.0.5+9-LTS-239)
# Java VM: Java HotSpot(TM) 64-Bit Server VM (21.0.5+9-LTS-239, mixed mode, sharing, tiered, compressed oops, compressed class ptrs, g1 gc, windows-amd64)
GC Precious Log:
 CardTable entry size: 512
 Card Set container configuration: InlinePtr #cards 5 size 8 Array Of Cards #cards 12 size 40 Howl #buckets 4 coarsen threshold 1843 Howl Bitmap #cards 512 size 80 coarsen threshold 460 Card regions per heap region 1 cards per card region 2048
 CPUs: 12 total, 12 available
 Memory: 8034M
 Large Page Support: Disabled
 NUMA Support: Disabled
 Compressed Oops: Enabled (32-bit)
 Heap Region Size: 1M
 Heap Min Capacity: 8M
 Heap Initial Capacity: 126M
 Heap Max Capacity: 2010M
 Pre-touch: Disabled
 Parallel Workers: 10
 Concurrent Workers: 3
 Concurrent Refinement Workers: 10
 Periodic GC: Disabled
Heap:
 garbage-first heap   total 78848K, used 46685K [0x0000000082600000, 0x0000000100000000)
  region size 1024K, 20 young (20480K), 4 survivors (4096K)
 Metaspace       used 76011K, committed 76736K, reserved 1179648K
  class space    used 10319K, committed 10624K, reserved 1048576K
GC Heap History (20 events):
Event: 3.536 GC heap after
{Heap after GC invocations=6 (full 0):
 garbage-first heap   total 65536K, used 19752K [0x0000000082600000, 0x0000000100000000)
  region size 1024K, 4 young (4096K), 4 survivors (4096K)
 Metaspace       used 32625K, committed 33216K, reserved 1114112K
  class space    used 4170K, committed 4416K, reserved 1048576K
}
Event: 3.861 GC heap before
{Heap before GC invocations=6 (full 0):
 garbage-first heap   total 65536K, used 31016K [0x0000000082600000, 0x0000000100000000)
  region size 1024K, 16 young (16384K), 4 survivors (4096K)
 Metaspace       used 35607K, committed 36096K, reserved 1114112K
  class space    used 4571K, committed 4800K, reserved 1048576K
}
Event: 3.864 GC heap after
{Heap after GC invocations=7 (full 0):
 garbage-first heap   total 65536K, used 20786K [0x0000000082600000, 0x0000000100000000)
  region size 1024K, 1 young (1024K), 1 survivors (1024K)
 Metaspace       used 35607K, committed 36096K, reserved 1114112K
  class space    used 4571K, committed 4800K, reserved 1048576K
}
Event: 4.873 GC heap before
{Heap before GC invocations=8 (full 0):
 garbage-first heap   total 65536K, used 53554K [0x0000000082600000, 0x0000000100000000)
  region size 1024K, 33 young (33792K), 1 survivors (1024K)
 Metaspace       used 48134K, committed 48704K, reserved 1114112K
  class space    used 6232K, committed 6464K, reserved 1048576K
}
Event: 4.876 GC heap after
{Heap after GC invocations=9 (full 0):
 garbage-first heap   total 65536K, used 23666K [0x0000000082600000, 0x0000000100000000)
  region size 1024K, 4 young (4096K), 4 survivors (4096K)
 Metaspace       used 48134K, committed 48704K, reserved 1114112K
  class space    used 6232K, committed 6464K, reserved 1048576K
}
Event: 5.469 GC heap before
{Heap before GC invocations=9 (full 0):
 garbage-first heap   total 65536K, used 53362K [0x0000000082600000, 0x0000000100000000)
  region size 1024K, 34 young (34816K), 4 survivors (4096K)
 Metaspace       used 57116K, committed 57664K, reserved 1114112K
  class space    used 7422K, committed 7680K, reserved 1048576K
}
Event: 5.474 GC heap after
{Heap after GC invocations=10 (full 0):
 garbage-first heap   total 65536K, used 25192K [0x0000000082600000, 0x0000000100000000)
  region size 1024K, 2 young (2048K), 2 survivors (2048K)
 Metaspace       used 57116K, committed 57664K, reserved 1114112K
  class space    used 7422K, committed 7680K, reserved 1048576K
}
Event: 5.669 GC heap before
{Heap before GC invocations=10 (full 0):
 garbage-first heap   total 65536K, used 37480K [0x0000000082600000, 0x0000000100000000)
  region size 1024K, 15 young (15360K), 2 survivors (2048K)
 Metaspace       used 59856K, committed 60416K, reserved 1114112K
  class space    used 7920K, committed 8192K, reserved 1048576K
}
Event: 5.672 GC heap after
{Heap after GC invocations=11 (full 0):
 garbage-first heap   total 65536K, used 25730K [0x0000000082600000, 0x0000000100000000)
  region size 1024K, 3 young (3072K), 3 survivors (3072K)
 Metaspace       used 59856K, committed 60416K, reserved 1114112K
  class space    used 7920K, committed 8192K, reserved 1048576K
}
Event: 6.537 GC heap before
{Heap before GC invocations=12 (full 0):
 garbage-first heap   total 65536K, used 56450K [0x0000000082600000, 0x0000000100000000)
  region size 1024K, 33 young (33792K), 3 survivors (3072K)
 Metaspace       used 67241K, committed 67904K, reserved 1114112K
  class space    used 9039K, committed 9344K, reserved 1048576K
}
Event: 6.541 GC heap after
{Heap after GC invocations=13 (full 0):
 garbage-first heap   total 65536K, used 27902K [0x0000000082600000, 0x0000000100000000)
  region size 1024K, 5 young (5120K), 5 survivors (5120K)
 Metaspace       used 67241K, committed 67904K, reserved 1114112K
  class space    used 9039K, committed 9344K, reserved 1048576K
}
Event: 6.923 GC heap before
{Heap before GC invocations=13 (full 0):
 garbage-first heap   total 65536K, used 55550K [0x0000000082600000, 0x0000000100000000)
  region size 1024K, 32 young (32768K), 5 survivors (5120K)
 Metaspace       used 69944K, committed 70656K, reserved 1114112K
  class space    used 9586K, committed 9920K, reserved 1048576K
}
Event: 6.928 GC heap after
{Heap after GC invocations=14 (full 0):
 garbage-first heap   total 65536K, used 30304K [0x0000000082600000, 0x0000000100000000)
  region size 1024K, 3 young (3072K), 3 survivors (3072K)
 Metaspace       used 69944K, committed 70656K, reserved 1114112K
  class space    used 9586K, committed 9920K, reserved 1048576K
}
Event: 7.234 GC heap before
{Heap before GC invocations=14 (full 0):
 garbage-first heap   total 65536K, used 55904K [0x0000000082600000, 0x0000000100000000)
  region size 1024K, 29 young (29696K), 3 survivors (3072K)
 Metaspace       used 72223K, committed 73024K, reserved 1114112K
  class space    used 9886K, committed 10240K, reserved 1048576K
}
Event: 7.237 GC heap after
{Heap after GC invocations=15 (full 0):
 garbage-first heap   total 78848K, used 30836K [0x0000000082600000, 0x0000000100000000)
  region size 1024K, 2 young (2048K), 2 survivors (2048K)
 Metaspace       used 72223K, committed 73024K, reserved 1114112K
  class space    used 9886K, committed 10240K, reserved 1048576K
}
Event: 429.417 GC heap before
{Heap before GC invocations=15 (full 0):
 garbage-first heap   total 78848K, used 59508K [0x0000000082600000, 0x0000000100000000)
  region size 1024K, 31 young (31744K), 2 survivors (2048K)
 Metaspace       used 75410K, committed 76160K, reserved 1179648K
  class space    used 10308K, committed 10624K, reserved 1048576K
}
Event: 429.490 GC heap after
{Heap after GC invocations=16 (full 1):
 garbage-first heap   total 78848K, used 27769K [0x0000000082600000, 0x0000000100000000)
  region size 1024K, 0 young (0K), 0 survivors (0K)
 Metaspace       used 75410K, committed 76160K, reserved 1179648K
  class space    used 10308K, committed 10624K, reserved 1048576K
}
Event: 430.170 GC heap before
{Heap before GC invocations=16 (full 1):
 garbage-first heap   total 78848K, used 66681K [0x0000000082600000, 0x0000000100000000)
  region size 1024K, 39 young (39936K), 0 survivors (0K)
 Metaspace       used 75669K, committed 76416K, reserved 1179648K
  class space    used 10313K, committed 10624K, reserved 1048576K
}
Event: 430.173 GC heap after
{Heap after GC invocations=17 (full 1):
 garbage-first heap   total 78848K, used 31325K [0x0000000082600000, 0x0000000100000000)
  region size 1024K, 4 young (4096K), 4 survivors (4096K)
 Metaspace       used 75669K, committed 76416K, reserved 1179648K
  class space    used 10313K, committed 10624K, reserved 1048576K
}
Event: 432.824 GC heap before
{Heap before GC invocations=18 (full 1):
 garbage-first heap   total 78848K, used 46685K [0x0000000082600000, 0x0000000100000000)
  region size 1024K, 20 young (20480K), 4 survivors (4096K)
 Metaspace       used 76011K, committed 76736K, reserved 1179648K
  class space    used 10319K, committed 10624K, reserved 1048576K
}

