# JRE version: Java(TM) SE Runtime Environment (21.0.5+9) (build 21.0.5+9-LTS-239)
# Java VM: Java HotSpot(TM) 64-Bit Server VM (21.0.5+9-LTS-239, mixed mode, sharing, tiered, compressed oops, compressed class ptrs, g1 gc, windows-amd64)
GC Precious Log:
 CardTable entry size: 512
 Card Set container configuration: InlinePtr #cards 5 size 8 Array Of Cards #cards 12 size 40 Howl #buckets 4 coarsen threshold 1843 Howl Bitmap #cards 512 size 80 coarsen threshold 460 Card regions per heap region 1 cards per card region 2048
 CPUs: 12 total, 12 available
 Memory: 8034M
 Large Page Support: Disabled
 NUMA Support: Disabled
 Compressed Oops: Enabled (32-bit)
 Heap Region Size: 1M
 Heap Min Capacity: 8M
 Heap Initial Capacity: 126M
 Heap Max Capacity: 2010M
 Pre-touch: Disabled
 Parallel Workers: 10
 Concurrent Workers: 3
 Concurrent Refinement Workers: 10
 Periodic GC: Disabled
Heap:
 garbage-first heap   total 66560K, used 60198K [0x0000000082600000, 0x0000000100000000)
  region size 1024K, 20 young (20480K), 3 survivors (3072K)
 Metaspace       used 79911K, committed 80640K, reserved 1179648K
  class space    used 10943K, committed 11264K, reserved 1048576K
GC Heap History (20 events):
Event: 4.740 GC heap before
{Heap before GC invocations=9 (full 0):
 garbage-first heap   total 55296K, used 46392K [0x0000000082600000, 0x0000000100000000)
  region size 1024K, 28 young (28672K), 3 survivors (3072K)
 Metaspace       used 45706K, committed 46208K, reserved 1114112K
  class space    used 5934K, committed 6144K, reserved 1048576K
}
Event: 4.744 GC heap after
{Heap after GC invocations=10 (full 0):
 garbage-first heap   total 55296K, used 23354K [0x0000000082600000, 0x0000000100000000)
  region size 1024K, 4 young (4096K), 4 survivors (4096K)
 Metaspace       used 45706K, committed 46208K, reserved 1114112K
  class space    used 5934K, committed 6144K, reserved 1048576K
}
Event: 5.280 GC heap before
{Heap before GC invocations=10 (full 0):
 garbage-first heap   total 55296K, used 44858K [0x0000000082600000, 0x0000000100000000)
  region size 1024K, 26 young (26624K), 4 survivors (4096K)
 Metaspace       used 51822K, committed 52416K, reserved 1114112K
  class space    used 6702K, committed 6976K, reserved 1048576K
}
Event: 5.283 GC heap after
{Heap after GC invocations=11 (full 0):
 garbage-first heap   total 55296K, used 24371K [0x0000000082600000, 0x0000000100000000)
  region size 1024K, 2 young (2048K), 2 survivors (2048K)
 Metaspace       used 51822K, committed 52416K, reserved 1114112K
  class space    used 6702K, committed 6976K, reserved 1048576K
}
Event: 5.682 GC heap before
{Heap before GC invocations=11 (full 0):
 garbage-first heap   total 55296K, used 45875K [0x0000000082600000, 0x0000000100000000)
  region size 1024K, 24 young (24576K), 2 survivors (2048K)
 Metaspace       used 58970K, committed 59584K, reserved 1114112K
  class space    used 7797K, committed 8064K, reserved 1048576K
}
Event: 5.685 GC heap after
{Heap after GC invocations=12 (full 0):
 garbage-first heap   total 55296K, used 25624K [0x0000000082600000, 0x0000000100000000)
  region size 1024K, 3 young (3072K), 3 survivors (3072K)
 Metaspace       used 58970K, committed 59584K, reserved 1114112K
  class space    used 7797K, committed 8064K, reserved 1048576K
}
Event: 5.762 GC heap before
{Heap before GC invocations=12 (full 0):
 garbage-first heap   total 55296K, used 30744K [0x0000000082600000, 0x0000000100000000)
  region size 1024K, 9 young (9216K), 3 survivors (3072K)
 Metaspace       used 59836K, committed 60416K, reserved 1114112K
  class space    used 7925K, committed 8192K, reserved 1048576K
}
Event: 5.764 GC heap after
{Heap after GC invocations=13 (full 0):
 garbage-first heap   total 55296K, used 25876K [0x0000000082600000, 0x0000000100000000)
  region size 1024K, 2 young (2048K), 2 survivors (2048K)
 Metaspace       used 59836K, committed 60416K, reserved 1114112K
  class space    used 7925K, committed 8192K, reserved 1048576K
}
Event: 6.506 GC heap before
{Heap before GC invocations=14 (full 0):
 garbage-first heap   total 55296K, used 48404K [0x0000000082600000, 0x0000000100000000)
  region size 1024K, 24 young (24576K), 2 survivors (2048K)
 Metaspace       used 65413K, committed 66048K, reserved 1114112K
  class space    used 8687K, committed 8960K, reserved 1048576K
}
Event: 6.510 GC heap after
{Heap after GC invocations=15 (full 0):
 garbage-first heap   total 55296K, used 27421K [0x0000000082600000, 0x0000000100000000)
  region size 1024K, 3 young (3072K), 3 survivors (3072K)
 Metaspace       used 65413K, committed 66048K, reserved 1114112K
  class space    used 8687K, committed 8960K, reserved 1048576K
}
Event: 6.852 GC heap before
{Heap before GC invocations=15 (full 0):
 garbage-first heap   total 55296K, used 46877K [0x0000000082600000, 0x0000000100000000)
  region size 1024K, 23 young (23552K), 3 survivors (3072K)
 Metaspace       used 68289K, committed 68928K, reserved 1114112K
  class space    used 9228K, committed 9536K, reserved 1048576K
}
Event: 6.856 GC heap after
{Heap after GC invocations=16 (full 0):
 garbage-first heap   total 55296K, used 28893K [0x0000000082600000, 0x0000000100000000)
  region size 1024K, 2 young (2048K), 2 survivors (2048K)
 Metaspace       used 68289K, committed 68928K, reserved 1114112K
  class space    used 9228K, committed 9536K, reserved 1048576K
}
Event: 7.095 GC heap before
{Heap before GC invocations=16 (full 0):
 garbage-first heap   total 55296K, used 47325K [0x0000000082600000, 0x0000000100000000)
  region size 1024K, 21 young (21504K), 2 survivors (2048K)
 Metaspace       used 70044K, committed 70720K, reserved 1114112K
  class space    used 9598K, committed 9920K, reserved 1048576K
}
Event: 7.098 GC heap after
{Heap after GC invocations=17 (full 0):
 garbage-first heap   total 66560K, used 29813K [0x0000000082600000, 0x0000000100000000)
  region size 1024K, 3 young (3072K), 3 survivors (3072K)
 Metaspace       used 70044K, committed 70720K, reserved 1114112K
  class space    used 9598K, committed 9920K, reserved 1048576K
}
Event: 7.348 GC heap before
{Heap before GC invocations=18 (full 0):
 garbage-first heap   total 66560K, used 57461K [0x0000000082600000, 0x0000000100000000)
  region size 1024K, 31 young (31744K), 3 survivors (3072K)
 Metaspace       used 71735K, committed 72512K, reserved 1114112K
  class space    used 9825K, committed 10176K, reserved 1048576K
}
Event: 7.352 GC heap after
{Heap after GC invocations=19 (full 0):
 garbage-first heap   total 66560K, used 30857K [0x0000000082600000, 0x0000000100000000)
  region size 1024K, 3 young (3072K), 3 survivors (3072K)
 Metaspace       used 71735K, committed 72512K, reserved 1114112K
  class space    used 9825K, committed 10176K, reserved 1048576K
}
Event: 7.959 GC heap before
{Heap before GC invocations=19 (full 0):
 garbage-first heap   total 66560K, used 58505K [0x0000000082600000, 0x0000000100000000)
  region size 1024K, 30 young (30720K), 3 survivors (3072K)
 Metaspace       used 75322K, committed 76096K, reserved 1179648K
  class space    used 10322K, committed 10688K, reserved 1048576K
}
Event: 7.965 GC heap after
{Heap after GC invocations=20 (full 0):
 garbage-first heap   total 66560K, used 32834K [0x0000000082600000, 0x0000000100000000)
  region size 1024K, 4 young (4096K), 4 survivors (4096K)
 Metaspace       used 75322K, committed 76096K, reserved 1179648K
  class space    used 10322K, committed 10688K, reserved 1048576K
}
Event: 19.415 GC heap before
{Heap before GC invocations=20 (full 0):
 garbage-first heap   total 66560K, used 45122K [0x0000000082600000, 0x0000000100000000)
  region size 1024K, 18 young (18432K), 4 survivors (4096K)
 Metaspace       used 78461K, committed 79168K, reserved 1179648K
  class space    used 10765K, committed 11072K, reserved 1048576K
}
Event: 19.420 GC heap after
{Heap after GC invocations=21 (full 0):
 garbage-first heap   total 66560K, used 35622K [0x0000000082600000, 0x0000000100000000)
  region size 1024K, 3 young (3072K), 3 survivors (3072K)
 Metaspace       used 78461K, committed 79168K, reserved 1179648K
  class space    used 10765K, committed 11072K, reserved 1048576K
}

