# JRE version: Java(TM) SE Runtime Environment (21.0.5+9) (build 21.0.5+9-LTS-239)
# Java VM: Java HotSpot(TM) 64-Bit Server VM (21.0.5+9-LTS-239, mixed mode, sharing, tiered, compressed oops, compressed class ptrs, g1 gc, windows-amd64)
GC Precious Log:
 CardTable entry size: 512
 Card Set container configuration: InlinePtr #cards 5 size 8 Array Of Cards #cards 12 size 40 Howl #buckets 4 coarsen threshold 1843 Howl Bitmap #cards 512 size 80 coarsen threshold 460 Card regions per heap region 1 cards per card region 2048
 CPUs: 12 total, 12 available
 Memory: 8034M
 Large Page Support: Disabled
 NUMA Support: Disabled
 Compressed Oops: Enabled (32-bit)
 Heap Region Size: 1M
 Heap Min Capacity: 8M
 Heap Initial Capacity: 126M
 Heap Max Capacity: 2010M
 Pre-touch: Disabled
 Parallel Workers: 10
 Concurrent Workers: 3
 Concurrent Refinement Workers: 10
 Periodic GC: Disabled
Heap:
 garbage-first heap   total 73728K, used 30246K [0x0000000082600000, 0x0000000100000000)
  region size 1024K, 1 young (1024K), 1 survivors (1024K)
 Metaspace       used 72168K, committed 72896K, reserved 1114112K
  class space    used 9901K, committed 10240K, reserved 1048576K
GC Heap History (20 events):
Event: 3.840 GC heap after
{Heap after GC invocations=7 (full 0):
 garbage-first heap   total 61440K, used 20469K [0x0000000082600000, 0x0000000100000000)
  region size 1024K, 2 young (2048K), 2 survivors (2048K)
 Metaspace       used 35419K, committed 35968K, reserved 1114112K
  class space    used 4546K, committed 4800K, reserved 1048576K
}
Event: 4.728 GC heap before
{Heap before GC invocations=8 (full 0):
 garbage-first heap   total 61440K, used 50165K [0x0000000082600000, 0x0000000100000000)
  region size 1024K, 31 young (31744K), 2 survivors (2048K)
 Metaspace       used 47360K, committed 47936K, reserved 1114112K
  class space    used 6125K, committed 6400K, reserved 1048576K
}
Event: 4.732 GC heap after
{Heap after GC invocations=9 (full 0):
 garbage-first heap   total 61440K, used 23167K [0x0000000082600000, 0x0000000100000000)
  region size 1024K, 4 young (4096K), 4 survivors (4096K)
 Metaspace       used 47360K, committed 47936K, reserved 1114112K
  class space    used 6125K, committed 6400K, reserved 1048576K
}
Event: 5.253 GC heap before
{Heap before GC invocations=9 (full 0):
 garbage-first heap   total 61440K, used 50815K [0x0000000082600000, 0x0000000100000000)
  region size 1024K, 32 young (32768K), 4 survivors (4096K)
 Metaspace       used 54676K, committed 55232K, reserved 1114112K
  class space    used 7045K, committed 7296K, reserved 1048576K
}
Event: 5.258 GC heap after
{Heap after GC invocations=10 (full 0):
 garbage-first heap   total 61440K, used 24576K [0x0000000082600000, 0x0000000100000000)
  region size 1024K, 2 young (2048K), 2 survivors (2048K)
 Metaspace       used 54676K, committed 55232K, reserved 1114112K
  class space    used 7045K, committed 7296K, reserved 1048576K
}
Event: 5.551 GC heap before
{Heap before GC invocations=10 (full 0):
 garbage-first heap   total 61440K, used 39936K [0x0000000082600000, 0x0000000100000000)
  region size 1024K, 18 young (18432K), 2 survivors (2048K)
 Metaspace       used 59634K, committed 60160K, reserved 1114112K
  class space    used 7902K, committed 8128K, reserved 1048576K
}
Event: 5.554 GC heap after
{Heap after GC invocations=11 (full 0):
 garbage-first heap   total 61440K, used 25066K [0x0000000082600000, 0x0000000100000000)
  region size 1024K, 3 young (3072K), 3 survivors (3072K)
 Metaspace       used 59634K, committed 60160K, reserved 1114112K
  class space    used 7902K, committed 8128K, reserved 1048576K
}
Event: 6.337 GC heap before
{Heap before GC invocations=12 (full 0):
 garbage-first heap   total 61440K, used 52714K [0x0000000082600000, 0x0000000100000000)
  region size 1024K, 31 young (31744K), 3 survivors (3072K)
 Metaspace       used 66095K, committed 66752K, reserved 1114112K
  class space    used 8813K, committed 9088K, reserved 1048576K
}
Event: 6.342 GC heap after
{Heap after GC invocations=13 (full 0):
 garbage-first heap   total 61440K, used 27464K [0x0000000082600000, 0x0000000100000000)
  region size 1024K, 3 young (3072K), 3 survivors (3072K)
 Metaspace       used 66095K, committed 66752K, reserved 1114112K
  class space    used 8813K, committed 9088K, reserved 1048576K
}
Event: 6.713 GC heap before
{Heap before GC invocations=13 (full 0):
 garbage-first heap   total 61440K, used 54088K [0x0000000082600000, 0x0000000100000000)
  region size 1024K, 29 young (29696K), 3 survivors (3072K)
 Metaspace       used 69178K, committed 69888K, reserved 1114112K
  class space    used 9357K, committed 9664K, reserved 1048576K
}
Event: 6.718 GC heap after
{Heap after GC invocations=14 (full 0):
 garbage-first heap   total 61440K, used 28639K [0x0000000082600000, 0x0000000100000000)
  region size 1024K, 2 young (2048K), 2 survivors (2048K)
 Metaspace       used 69178K, committed 69888K, reserved 1114112K
  class space    used 9357K, committed 9664K, reserved 1048576K
}
Event: 7.044 GC heap before
{Heap before GC invocations=14 (full 0):
 garbage-first heap   total 61440K, used 53215K [0x0000000082600000, 0x0000000100000000)
  region size 1024K, 27 young (27648K), 2 survivors (2048K)
 Metaspace       used 71406K, committed 72128K, reserved 1114112K
  class space    used 9759K, committed 10112K, reserved 1048576K
}
Event: 8.050 GC heap after
{Heap after GC invocations=15 (full 0):
 garbage-first heap   total 73728K, used 29691K [0x0000000082600000, 0x0000000100000000)
  region size 1024K, 3 young (3072K), 3 survivors (3072K)
 Metaspace       used 71406K, committed 72128K, reserved 1114112K
  class space    used 9759K, committed 10112K, reserved 1048576K
}
Event: 8.075 GC heap before
{Heap before GC invocations=15 (full 0):
 garbage-first heap   total 73728K, used 30715K [0x0000000082600000, 0x0000000100000000)
  region size 1024K, 4 young (4096K), 3 survivors (3072K)
 Metaspace       used 71712K, committed 72384K, reserved 1114112K
  class space    used 9799K, committed 10112K, reserved 1048576K
}
Event: 8.077 GC heap after
{Heap after GC invocations=16 (full 0):
 garbage-first heap   total 73728K, used 29885K [0x0000000082600000, 0x0000000100000000)
  region size 1024K, 1 young (1024K), 1 survivors (1024K)
 Metaspace       used 71712K, committed 72384K, reserved 1114112K
  class space    used 9799K, committed 10112K, reserved 1048576K
}
Event: 8.134 GC heap before
{Heap before GC invocations=17 (full 0):
 garbage-first heap   total 73728K, used 31933K [0x0000000082600000, 0x0000000100000000)
  region size 1024K, 3 young (3072K), 1 survivors (1024K)
 Metaspace       used 71829K, committed 72576K, reserved 1114112K
  class space    used 9827K, committed 10176K, reserved 1048576K
}
Event: 8.136 GC heap after
{Heap after GC invocations=18 (full 0):
 garbage-first heap   total 73728K, used 29734K [0x0000000082600000, 0x0000000100000000)
  region size 1024K, 1 young (1024K), 1 survivors (1024K)
 Metaspace       used 71829K, committed 72576K, reserved 1114112K
  class space    used 9827K, committed 10176K, reserved 1048576K
}
Event: 8.186 GC heap before
{Heap before GC invocations=18 (full 0):
 garbage-first heap   total 73728K, used 30758K [0x0000000082600000, 0x0000000100000000)
  region size 1024K, 3 young (3072K), 1 survivors (1024K)
 Metaspace       used 71950K, committed 72640K, reserved 1114112K
  class space    used 9859K, committed 10176K, reserved 1048576K
}
Event: 8.188 GC heap after
{Heap after GC invocations=19 (full 0):
 garbage-first heap   total 73728K, used 29857K [0x0000000082600000, 0x0000000100000000)
  region size 1024K, 1 young (1024K), 1 survivors (1024K)
 Metaspace       used 71950K, committed 72640K, reserved 1114112K
  class space    used 9859K, committed 10176K, reserved 1048576K
}
Event: 8.250 GC heap before
{Heap before GC invocations=19 (full 0):
 garbage-first heap   total 73728K, used 31905K [0x0000000082600000, 0x0000000100000000)
  region size 1024K, 3 young (3072K), 1 survivors (1024K)
 Metaspace       used 72168K, committed 72896K, reserved 1114112K
  class space    used 9901K, committed 10240K, reserved 1048576K
}

