# JRE version: Java(TM) SE Runtime Environment (21.0.5+9) (build 21.0.5+9-LTS-239)
# Java VM: Java HotSpot(TM) 64-Bit Server VM (21.0.5+9-LTS-239, mixed mode, sharing, tiered, compressed oops, compressed class ptrs, g1 gc, windows-amd64)
GC Precious Log:
 CardTable entry size: 512
 Card Set container configuration: InlinePtr #cards 5 size 8 Array Of Cards #cards 12 size 40 Howl #buckets 4 coarsen threshold 1843 Howl Bitmap #cards 512 size 80 coarsen threshold 460 Card regions per heap region 1 cards per card region 2048
 CPUs: 12 total, 12 available
 Memory: 8034M
 Large Page Support: Disabled
 NUMA Support: Disabled
 Compressed Oops: Enabled (32-bit)
 Heap Region Size: 1M
 Heap Min Capacity: 8M
 Heap Initial Capacity: 126M
 Heap Max Capacity: 2010M
 Pre-touch: Disabled
 Parallel Workers: 10
 Concurrent Workers: 3
 Concurrent Refinement Workers: 10
 Periodic GC: Disabled
Heap:
 garbage-first heap   total 102400K, used 80799K [0x0000000082600000, 0x0000000100000000)
  region size 1024K, 22 young (22528K), 5 survivors (5120K)
 Metaspace       used 88025K, committed 88768K, reserved 1179648K
  class space    used 11617K, committed 11968K, reserved 1048576K
GC Heap History (20 events):
Event: 6.335 GC heap before
{Heap before GC invocations=15 (full 0):
 garbage-first heap   total 67584K, used 57788K [0x0000000082600000, 0x0000000100000000)
  region size 1024K, 35 young (35840K), 3 survivors (3072K)
 Metaspace       used 72419K, committed 73088K, reserved 1114112K
  class space    used 9298K, committed 9600K, reserved 1048576K
}
Event: 6.340 GC heap after
{Heap after GC invocations=16 (full 0):
 garbage-first heap   total 67584K, used 27887K [0x0000000082600000, 0x0000000100000000)
  region size 1024K, 5 young (5120K), 5 survivors (5120K)
 Metaspace       used 72419K, committed 73088K, reserved 1114112K
  class space    used 9298K, committed 9600K, reserved 1048576K
}
Event: 6.637 GC heap before
{Heap before GC invocations=16 (full 0):
 garbage-first heap   total 67584K, used 56559K [0x0000000082600000, 0x0000000100000000)
  region size 1024K, 33 young (33792K), 5 survivors (5120K)
 Metaspace       used 74859K, committed 75584K, reserved 1179648K
  class space    used 9727K, committed 10048K, reserved 1048576K
}
Event: 6.642 GC heap after
{Heap after GC invocations=17 (full 0):
 garbage-first heap   total 67584K, used 29206K [0x0000000082600000, 0x0000000100000000)
  region size 1024K, 4 young (4096K), 4 survivors (4096K)
 Metaspace       used 74859K, committed 75584K, reserved 1179648K
  class space    used 9727K, committed 10048K, reserved 1048576K
}
Event: 6.833 GC heap before
{Heap before GC invocations=17 (full 0):
 garbage-first heap   total 67584K, used 57878K [0x0000000082600000, 0x0000000100000000)
  region size 1024K, 33 young (33792K), 4 survivors (4096K)
 Metaspace       used 76526K, committed 77184K, reserved 1179648K
  class space    used 10062K, committed 10368K, reserved 1048576K
}
Event: 6.836 GC heap after
{Heap after GC invocations=18 (full 0):
 garbage-first heap   total 67584K, used 30536K [0x0000000082600000, 0x0000000100000000)
  region size 1024K, 3 young (3072K), 3 survivors (3072K)
 Metaspace       used 76526K, committed 77184K, reserved 1179648K
  class space    used 10062K, committed 10368K, reserved 1048576K
}
Event: 7.305 GC heap before
{Heap before GC invocations=19 (full 0):
 garbage-first heap   total 67584K, used 59208K [0x0000000082600000, 0x0000000100000000)
  region size 1024K, 31 young (31744K), 3 survivors (3072K)
 Metaspace       used 79907K, committed 80640K, reserved 1179648K
  class space    used 10575K, committed 10880K, reserved 1048576K
}
Event: 7.309 GC heap after
{Heap after GC invocations=20 (full 0):
 garbage-first heap   total 67584K, used 32892K [0x0000000082600000, 0x0000000100000000)
  region size 1024K, 4 young (4096K), 4 survivors (4096K)
 Metaspace       used 79907K, committed 80640K, reserved 1179648K
  class space    used 10575K, committed 10880K, reserved 1048576K
}
Event: 11.801 GC heap before
{Heap before GC invocations=20 (full 0):
 garbage-first heap   total 67584K, used 57468K [0x0000000082600000, 0x0000000100000000)
  region size 1024K, 29 young (29696K), 4 survivors (4096K)
 Metaspace       used 84283K, committed 85056K, reserved 1179648K
  class space    used 11164K, committed 11520K, reserved 1048576K
}
Event: 11.807 GC heap after
{Heap after GC invocations=21 (full 0):
 garbage-first heap   total 67584K, used 34221K [0x0000000082600000, 0x0000000100000000)
  region size 1024K, 2 young (2048K), 2 survivors (2048K)
 Metaspace       used 84283K, committed 85056K, reserved 1179648K
  class space    used 11164K, committed 11520K, reserved 1048576K
}
Event: 11.863 GC heap before
{Heap before GC invocations=21 (full 0):
 garbage-first heap   total 67584K, used 35245K [0x0000000082600000, 0x0000000100000000)
  region size 1024K, 5 young (5120K), 2 survivors (2048K)
 Metaspace       used 84560K, committed 85248K, reserved 1179648K
  class space    used 11196K, committed 11520K, reserved 1048576K
}
Event: 11.866 GC heap after
{Heap after GC invocations=22 (full 0):
 garbage-first heap   total 67584K, used 36114K [0x0000000082600000, 0x0000000100000000)
  region size 1024K, 4 young (4096K), 4 survivors (4096K)
 Metaspace       used 84560K, committed 85248K, reserved 1179648K
  class space    used 11196K, committed 11520K, reserved 1048576K
}
Event: 12.197 GC heap before
{Heap before GC invocations=23 (full 0):
 garbage-first heap   total 67584K, used 65810K [0x0000000082600000, 0x0000000100000000)
  region size 1024K, 25 young (25600K), 4 survivors (4096K)
 Metaspace       used 86276K, committed 87040K, reserved 1179648K
  class space    used 11419K, committed 11776K, reserved 1048576K
}
Event: 12.201 GC heap after
{Heap after GC invocations=24 (full 0):
 garbage-first heap   total 73728K, used 38691K [0x0000000082600000, 0x0000000100000000)
  region size 1024K, 4 young (4096K), 4 survivors (4096K)
 Metaspace       used 86276K, committed 87040K, reserved 1179648K
  class space    used 11419K, committed 11776K, reserved 1048576K
}
Event: 12.477 GC heap before
{Heap before GC invocations=24 (full 0):
 garbage-first heap   total 73728K, used 71459K [0x0000000082600000, 0x0000000100000000)
  region size 1024K, 23 young (23552K), 4 survivors (4096K)
 Metaspace       used 86355K, committed 87104K, reserved 1179648K
  class space    used 11419K, committed 11776K, reserved 1048576K
}
Event: 12.480 GC heap after
{Heap after GC invocations=25 (full 0):
 garbage-first heap   total 77824K, used 38310K [0x0000000082600000, 0x0000000100000000)
  region size 1024K, 3 young (3072K), 3 survivors (3072K)
 Metaspace       used 86355K, committed 87104K, reserved 1179648K
  class space    used 11419K, committed 11776K, reserved 1048576K
}
Event: 12.484 GC heap before
{Heap before GC invocations=25 (full 0):
 garbage-first heap   total 77824K, used 38310K [0x0000000082600000, 0x0000000100000000)
  region size 1024K, 5 young (5120K), 3 survivors (3072K)
 Metaspace       used 86358K, committed 87104K, reserved 1179648K
  class space    used 11419K, committed 11776K, reserved 1048576K
}
Event: 12.486 GC heap after
{Heap after GC invocations=26 (full 0):
 garbage-first heap   total 94208K, used 39239K [0x0000000082600000, 0x0000000100000000)
  region size 1024K, 1 young (1024K), 1 survivors (1024K)
 Metaspace       used 86358K, committed 87104K, reserved 1179648K
  class space    used 11419K, committed 11776K, reserved 1048576K
}
Event: 91.721 GC heap before
{Heap before GC invocations=27 (full 0):
 garbage-first heap   total 95232K, used 93511K [0x0000000082600000, 0x0000000100000000)
  region size 1024K, 35 young (35840K), 1 survivors (1024K)
 Metaspace       used 87962K, committed 88704K, reserved 1179648K
  class space    used 11617K, committed 11968K, reserved 1048576K
}
Event: 91.727 GC heap after
{Heap after GC invocations=28 (full 0):
 garbage-first heap   total 102400K, used 52127K [0x0000000082600000, 0x0000000100000000)
  region size 1024K, 5 young (5120K), 5 survivors (5120K)
 Metaspace       used 87962K, committed 88704K, reserved 1179648K
  class space    used 11617K, committed 11968K, reserved 1048576K
}

