# JRE version: Java(TM) SE Runtime Environment (21.0.5+9) (build 21.0.5+9-LTS-239)
# Java VM: Java HotSpot(TM) 64-Bit Server VM (21.0.5+9-LTS-239, mixed mode, sharing, tiered, compressed oops, compressed class ptrs, g1 gc, windows-amd64)
GC Precious Log:
 CardTable entry size: 512
 Card Set container configuration: InlinePtr #cards 5 size 8 Array Of Cards #cards 12 size 40 Howl #buckets 4 coarsen threshold 1843 Howl Bitmap #cards 512 size 80 coarsen threshold 460 Card regions per heap region 1 cards per card region 2048
 CPUs: 12 total, 12 available
 Memory: 8034M
 Large Page Support: Disabled
 NUMA Support: Disabled
 Compressed Oops: Enabled (32-bit)
 Heap Region Size: 1M
 Heap Min Capacity: 8M
 Heap Initial Capacity: 126M
 Heap Max Capacity: 2010M
 Pre-touch: Disabled
 Parallel Workers: 10
 Concurrent Workers: 3
 Concurrent Refinement Workers: 10
 Periodic GC: Disabled
Heap:
 garbage-first heap   total 65536K, used 30251K [0x0000000082600000, 0x0000000100000000)
  region size 1024K, 8 young (8192K), 5 survivors (5120K)
 Metaspace       used 68061K, committed 68736K, reserved 1114112K
  class space    used 9208K, committed 9536K, reserved 1048576K
GC Heap History (20 events):
Event: 0.763 GC heap before
{Heap before GC invocations=0 (full 0):
 garbage-first heap   total 129024K, used 24576K [0x0000000082600000, 0x0000000100000000)
  region size 1024K, 23 young (23552K), 0 survivors (0K)
 Metaspace       used 5909K, committed 6080K, reserved 1114112K
  class space    used 662K, committed 768K, reserved 1048576K
}
Event: 0.767 GC heap after
{Heap after GC invocations=1 (full 0):
 garbage-first heap   total 129024K, used 7714K [0x0000000082600000, 0x0000000100000000)
  region size 1024K, 3 young (3072K), 3 survivors (3072K)
 Metaspace       used 5909K, committed 6080K, reserved 1114112K
  class space    used 662K, committed 768K, reserved 1048576K
}
Event: 1.447 GC heap before
{Heap before GC invocations=1 (full 0):
 garbage-first heap   total 129024K, used 38434K [0x0000000082600000, 0x0000000100000000)
  region size 1024K, 33 young (33792K), 3 survivors (3072K)
 Metaspace       used 13956K, committed 14272K, reserved 1114112K
  class space    used 1837K, committed 1984K, reserved 1048576K
}
Event: 1.453 GC heap after
{Heap after GC invocations=2 (full 0):
 garbage-first heap   total 129024K, used 10359K [0x0000000082600000, 0x0000000100000000)
  region size 1024K, 3 young (3072K), 3 survivors (3072K)
 Metaspace       used 13956K, committed 14272K, reserved 1114112K
  class space    used 1837K, committed 1984K, reserved 1048576K
}
Event: 1.822 GC heap before
{Heap before GC invocations=2 (full 0):
 garbage-first heap   total 129024K, used 43127K [0x0000000082600000, 0x0000000100000000)
  region size 1024K, 36 young (36864K), 3 survivors (3072K)
 Metaspace       used 21215K, committed 21504K, reserved 1114112K
  class space    used 2656K, committed 2816K, reserved 1048576K
}
Event: 1.827 GC heap after
{Heap after GC invocations=3 (full 0):
 garbage-first heap   total 129024K, used 13507K [0x0000000082600000, 0x0000000100000000)
  region size 1024K, 6 young (6144K), 6 survivors (6144K)
 Metaspace       used 21215K, committed 21504K, reserved 1114112K
  class space    used 2656K, committed 2816K, reserved 1048576K
}
Event: 2.831 GC heap before
{Heap before GC invocations=4 (full 0):
 garbage-first heap   total 55296K, used 54467K [0x0000000082600000, 0x0000000100000000)
  region size 1024K, 46 young (47104K), 6 survivors (6144K)
 Metaspace       used 27215K, committed 27712K, reserved 1114112K
  class space    used 3432K, committed 3648K, reserved 1048576K
}
Event: 2.839 GC heap after
{Heap after GC invocations=5 (full 0):
 garbage-first heap   total 65536K, used 17241K [0x0000000082600000, 0x0000000100000000)
  region size 1024K, 7 young (7168K), 7 survivors (7168K)
 Metaspace       used 27215K, committed 27712K, reserved 1114112K
  class space    used 3432K, committed 3648K, reserved 1048576K
}
Event: 3.606 GC heap before
{Heap before GC invocations=5 (full 0):
 garbage-first heap   total 65536K, used 48985K [0x0000000082600000, 0x0000000100000000)
  region size 1024K, 38 young (38912K), 7 survivors (7168K)
 Metaspace       used 32731K, committed 33280K, reserved 1114112K
  class space    used 4175K, committed 4416K, reserved 1048576K
}
Event: 3.614 GC heap after
{Heap after GC invocations=6 (full 0):
 garbage-first heap   total 65536K, used 19754K [0x0000000082600000, 0x0000000100000000)
  region size 1024K, 4 young (4096K), 4 survivors (4096K)
 Metaspace       used 32731K, committed 33280K, reserved 1114112K
  class space    used 4175K, committed 4416K, reserved 1048576K
}
Event: 3.965 GC heap before
{Heap before GC invocations=6 (full 0):
 garbage-first heap   total 65536K, used 29994K [0x0000000082600000, 0x0000000100000000)
  region size 1024K, 15 young (15360K), 4 survivors (4096K)
 Metaspace       used 35607K, committed 36096K, reserved 1114112K
  class space    used 4564K, committed 4800K, reserved 1048576K
}
Event: 3.969 GC heap after
{Heap after GC invocations=7 (full 0):
 garbage-first heap   total 65536K, used 20756K [0x0000000082600000, 0x0000000100000000)
  region size 1024K, 1 young (1024K), 1 survivors (1024K)
 Metaspace       used 35607K, committed 36096K, reserved 1114112K
  class space    used 4564K, committed 4800K, reserved 1048576K
}
Event: 5.358 GC heap before
{Heap before GC invocations=8 (full 0):
 garbage-first heap   total 65536K, used 54548K [0x0000000082600000, 0x0000000100000000)
  region size 1024K, 34 young (34816K), 1 survivors (1024K)
 Metaspace       used 48323K, committed 48896K, reserved 1114112K
  class space    used 6249K, committed 6528K, reserved 1048576K
}
Event: 5.362 GC heap after
{Heap after GC invocations=9 (full 0):
 garbage-first heap   total 65536K, used 23732K [0x0000000082600000, 0x0000000100000000)
  region size 1024K, 4 young (4096K), 4 survivors (4096K)
 Metaspace       used 48323K, committed 48896K, reserved 1114112K
  class space    used 6249K, committed 6528K, reserved 1048576K
}
Event: 5.927 GC heap before
{Heap before GC invocations=9 (full 0):
 garbage-first heap   total 65536K, used 53428K [0x0000000082600000, 0x0000000100000000)
  region size 1024K, 34 young (34816K), 4 survivors (4096K)
 Metaspace       used 57392K, committed 57984K, reserved 1114112K
  class space    used 7463K, committed 7744K, reserved 1048576K
}
Event: 5.931 GC heap after
{Heap after GC invocations=10 (full 0):
 garbage-first heap   total 65536K, used 25339K [0x0000000082600000, 0x0000000100000000)
  region size 1024K, 2 young (2048K), 2 survivors (2048K)
 Metaspace       used 57392K, committed 57984K, reserved 1114112K
  class space    used 7463K, committed 7744K, reserved 1048576K
}
Event: 6.123 GC heap before
{Heap before GC invocations=10 (full 0):
 garbage-first heap   total 65536K, used 36603K [0x0000000082600000, 0x0000000100000000)
  region size 1024K, 14 young (14336K), 2 survivors (2048K)
 Metaspace       used 59931K, committed 60480K, reserved 1114112K
  class space    used 7926K, committed 8192K, reserved 1048576K
}
Event: 6.125 GC heap after
{Heap after GC invocations=11 (full 0):
 garbage-first heap   total 65536K, used 25692K [0x0000000082600000, 0x0000000100000000)
  region size 1024K, 3 young (3072K), 3 survivors (3072K)
 Metaspace       used 59931K, committed 60480K, reserved 1114112K
  class space    used 7926K, committed 8192K, reserved 1048576K
}
Event: 6.974 GC heap before
{Heap before GC invocations=12 (full 0):
 garbage-first heap   total 65536K, used 56412K [0x0000000082600000, 0x0000000100000000)
  region size 1024K, 33 young (33792K), 3 survivors (3072K)
 Metaspace       used 67249K, committed 67904K, reserved 1114112K
  class space    used 9029K, committed 9344K, reserved 1048576K
}
Event: 6.977 GC heap after
{Heap after GC invocations=13 (full 0):
 garbage-first heap   total 65536K, used 28203K [0x0000000082600000, 0x0000000100000000)
  region size 1024K, 5 young (5120K), 5 survivors (5120K)
 Metaspace       used 67249K, committed 67904K, reserved 1114112K
  class space    used 9029K, committed 9344K, reserved 1048576K
}

