# JRE version: Java(TM) SE Runtime Environment (21.0.5+9) (build 21.0.5+9-LTS-239)
# Java VM: Java HotSpot(TM) 64-Bit Server VM (21.0.5+9-LTS-239, mixed mode, sharing, tiered, compressed oops, compressed class ptrs, g1 gc, windows-amd64)
GC Precious Log:
 CardTable entry size: 512
 Card Set container configuration: InlinePtr #cards 5 size 8 Array Of Cards #cards 12 size 40 Howl #buckets 4 coarsen threshold 1843 Howl Bitmap #cards 512 size 80 coarsen threshold 460 Card regions per heap region 1 cards per card region 2048
 CPUs: 12 total, 12 available
 Memory: 8034M
 Large Page Support: Disabled
 NUMA Support: Disabled
 Compressed Oops: Enabled (32-bit)
 Heap Region Size: 1M
 Heap Min Capacity: 8M
 Heap Initial Capacity: 126M
 Heap Max Capacity: 2010M
 Pre-touch: Disabled
 Parallel Workers: 10
 Concurrent Workers: 3
 Concurrent Refinement Workers: 10
 Periodic GC: Disabled
Heap:
 garbage-first heap   total 78848K, used 41000K [0x0000000082600000, 0x0000000100000000)
  region size 1024K, 15 young (15360K), 5 survivors (5120K)
 Metaspace       used 78532K, committed 79296K, reserved 1179648K
  class space    used 10699K, committed 11072K, reserved 1048576K
GC Heap History (20 events):
Event: 2.833 GC heap before
{Heap before GC invocations=4 (full 0):
 garbage-first heap   total 55296K, used 54322K [0x0000000082600000, 0x0000000100000000)
  region size 1024K, 46 young (47104K), 6 survivors (6144K)
 Metaspace       used 26648K, committed 27072K, reserved 1114112K
  class space    used 3374K, committed 3584K, reserved 1048576K
}
Event: 2.841 GC heap after
{Heap after GC invocations=5 (full 0):
 garbage-first heap   total 65536K, used 16892K [0x0000000082600000, 0x0000000100000000)
  region size 1024K, 7 young (7168K), 7 survivors (7168K)
 Metaspace       used 26648K, committed 27072K, reserved 1114112K
  class space    used 3374K, committed 3584K, reserved 1048576K
}
Event: 3.610 GC heap before
{Heap before GC invocations=5 (full 0):
 garbage-first heap   total 65536K, used 48636K [0x0000000082600000, 0x0000000100000000)
  region size 1024K, 38 young (38912K), 7 survivors (7168K)
 Metaspace       used 32323K, committed 32832K, reserved 1114112K
  class space    used 4120K, committed 4352K, reserved 1048576K
}
Event: 3.616 GC heap after
{Heap after GC invocations=6 (full 0):
 garbage-first heap   total 65536K, used 19709K [0x0000000082600000, 0x0000000100000000)
  region size 1024K, 4 young (4096K), 4 survivors (4096K)
 Metaspace       used 32323K, committed 32832K, reserved 1114112K
  class space    used 4120K, committed 4352K, reserved 1048576K
}
Event: 3.995 GC heap before
{Heap before GC invocations=6 (full 0):
 garbage-first heap   total 65536K, used 34045K [0x0000000082600000, 0x0000000100000000)
  region size 1024K, 19 young (19456K), 4 survivors (4096K)
 Metaspace       used 35455K, committed 35968K, reserved 1114112K
  class space    used 4549K, committed 4800K, reserved 1048576K
}
Event: 3.999 GC heap after
{Heap after GC invocations=7 (full 0):
 garbage-first heap   total 65536K, used 20551K [0x0000000082600000, 0x0000000100000000)
  region size 1024K, 2 young (2048K), 2 survivors (2048K)
 Metaspace       used 35455K, committed 35968K, reserved 1114112K
  class space    used 4549K, committed 4800K, reserved 1048576K
}
Event: 5.159 GC heap before
{Heap before GC invocations=8 (full 0):
 garbage-first heap   total 65536K, used 53319K [0x0000000082600000, 0x0000000100000000)
  region size 1024K, 34 young (34816K), 2 survivors (2048K)
 Metaspace       used 48192K, committed 48768K, reserved 1114112K
  class space    used 6232K, committed 6528K, reserved 1048576K
}
Event: 5.163 GC heap after
{Heap after GC invocations=9 (full 0):
 garbage-first heap   total 65536K, used 23690K [0x0000000082600000, 0x0000000100000000)
  region size 1024K, 5 young (5120K), 5 survivors (5120K)
 Metaspace       used 48192K, committed 48768K, reserved 1114112K
  class space    used 6232K, committed 6528K, reserved 1048576K
}
Event: 5.697 GC heap before
{Heap before GC invocations=9 (full 0):
 garbage-first heap   total 65536K, used 53386K [0x0000000082600000, 0x0000000100000000)
  region size 1024K, 35 young (35840K), 5 survivors (5120K)
 Metaspace       used 56268K, committed 56896K, reserved 1114112K
  class space    used 7351K, committed 7616K, reserved 1048576K
}
Event: 5.701 GC heap after
{Heap after GC invocations=10 (full 0):
 garbage-first heap   total 65536K, used 25299K [0x0000000082600000, 0x0000000100000000)
  region size 1024K, 3 young (3072K), 3 survivors (3072K)
 Metaspace       used 56268K, committed 56896K, reserved 1114112K
  class space    used 7351K, committed 7616K, reserved 1048576K
}
Event: 5.912 GC heap before
{Heap before GC invocations=10 (full 0):
 garbage-first heap   total 65536K, used 35539K [0x0000000082600000, 0x0000000100000000)
  region size 1024K, 14 young (14336K), 3 survivors (3072K)
 Metaspace       used 59492K, committed 60096K, reserved 1114112K
  class space    used 7880K, committed 8192K, reserved 1048576K
}
Event: 5.914 GC heap after
{Heap after GC invocations=11 (full 0):
 garbage-first heap   total 65536K, used 25519K [0x0000000082600000, 0x0000000100000000)
  region size 1024K, 3 young (3072K), 3 survivors (3072K)
 Metaspace       used 59492K, committed 60096K, reserved 1114112K
  class space    used 7880K, committed 8192K, reserved 1048576K
}
Event: 6.706 GC heap before
{Heap before GC invocations=12 (full 0):
 garbage-first heap   total 65536K, used 56239K [0x0000000082600000, 0x0000000100000000)
  region size 1024K, 33 young (33792K), 3 survivors (3072K)
 Metaspace       used 66495K, committed 67136K, reserved 1114112K
  class space    used 8869K, committed 9152K, reserved 1048576K
}
Event: 6.710 GC heap after
{Heap after GC invocations=13 (full 0):
 garbage-first heap   total 65536K, used 27874K [0x0000000082600000, 0x0000000100000000)
  region size 1024K, 5 young (5120K), 5 survivors (5120K)
 Metaspace       used 66495K, committed 67136K, reserved 1114112K
  class space    used 8869K, committed 9152K, reserved 1048576K
}
Event: 7.114 GC heap before
{Heap before GC invocations=13 (full 0):
 garbage-first heap   total 65536K, used 55522K [0x0000000082600000, 0x0000000100000000)
  region size 1024K, 32 young (32768K), 5 survivors (5120K)
 Metaspace       used 70075K, committed 70720K, reserved 1114112K
  class space    used 9598K, committed 9920K, reserved 1048576K
}
Event: 7.119 GC heap after
{Heap after GC invocations=14 (full 0):
 garbage-first heap   total 65536K, used 29243K [0x0000000082600000, 0x0000000100000000)
  region size 1024K, 2 young (2048K), 2 survivors (2048K)
 Metaspace       used 70075K, committed 70720K, reserved 1114112K
  class space    used 9598K, committed 9920K, reserved 1048576K
}
Event: 7.363 GC heap before
{Heap before GC invocations=14 (full 0):
 garbage-first heap   total 65536K, used 57915K [0x0000000082600000, 0x0000000100000000)
  region size 1024K, 30 young (30720K), 2 survivors (2048K)
 Metaspace       used 71911K, committed 72576K, reserved 1114112K
  class space    used 9825K, committed 10112K, reserved 1048576K
}
Event: 7.366 GC heap after
{Heap after GC invocations=15 (full 0):
 garbage-first heap   total 78848K, used 30001K [0x0000000082600000, 0x0000000100000000)
  region size 1024K, 3 young (3072K), 3 survivors (3072K)
 Metaspace       used 71911K, committed 72576K, reserved 1114112K
  class space    used 9825K, committed 10112K, reserved 1048576K
}
Event: 21.291 GC heap before
{Heap before GC invocations=15 (full 0):
 garbage-first heap   total 78848K, used 66865K [0x0000000082600000, 0x0000000100000000)
  region size 1024K, 40 young (40960K), 3 survivors (3072K)
 Metaspace       used 76137K, committed 76864K, reserved 1179648K
  class space    used 10405K, committed 10752K, reserved 1048576K
}
Event: 21.297 GC heap after
{Heap after GC invocations=16 (full 0):
 garbage-first heap   total 78848K, used 32808K [0x0000000082600000, 0x0000000100000000)
  region size 1024K, 5 young (5120K), 5 survivors (5120K)
 Metaspace       used 76137K, committed 76864K, reserved 1179648K
  class space    used 10405K, committed 10752K, reserved 1048576K
}

